{
  "/Users/georgesomerville/dev/code-tests/react-19-audio/src/App.tsx": {
    "path": "/Users/georgesomerville/dev/code-tests/react-19-audio/src/App.tsx",
    "all": false,
    "statementMap": {
      "0": { "start": { "line": 1, "column": 0 }, "end": { "line": 1, "column": 19 } },
      "8": { "start": { "line": 9, "column": 0 }, "end": { "line": 9, "column": 26 } },
      "9": { "start": { "line": 10, "column": 0 }, "end": { "line": 10, "column": 51 } },
      "10": { "start": { "line": 11, "column": 0 }, "end": { "line": 11, "column": 48 } },
      "11": { "start": { "line": 12, "column": 0 }, "end": { "line": 12, "column": 65 } },
      "12": { "start": { "line": 13, "column": 0 }, "end": { "line": 13, "column": 57 } },
      "13": { "start": { "line": 14, "column": 0 }, "end": { "line": 14, "column": 62 } },
      "15": { "start": { "line": 16, "column": 0 }, "end": { "line": 16, "column": 51 } },
      "16": { "start": { "line": 17, "column": 0 }, "end": { "line": 17, "column": 39 } },
      "17": { "start": { "line": 18, "column": 0 }, "end": { "line": 18, "column": 27 } },
      "19": { "start": { "line": 20, "column": 0 }, "end": { "line": 20, "column": 66 } },
      "20": { "start": { "line": 21, "column": 0 }, "end": { "line": 21, "column": 40 } },
      "21": { "start": { "line": 22, "column": 0 }, "end": { "line": 22, "column": 53 } },
      "22": { "start": { "line": 23, "column": 0 }, "end": { "line": 23, "column": 29 } },
      "24": { "start": { "line": 25, "column": 0 }, "end": { "line": 25, "column": 31 } },
      "25": { "start": { "line": 26, "column": 0 }, "end": { "line": 26, "column": 27 } },
      "26": { "start": { "line": 27, "column": 0 }, "end": { "line": 27, "column": 4 } },
      "28": { "start": { "line": 29, "column": 0 }, "end": { "line": 29, "column": 80 } },
      "29": { "start": { "line": 30, "column": 0 }, "end": { "line": 30, "column": 39 } },
      "30": { "start": { "line": 31, "column": 0 }, "end": { "line": 31, "column": 36 } },
      "32": { "start": { "line": 33, "column": 0 }, "end": { "line": 33, "column": 40 } },
      "33": { "start": { "line": 34, "column": 0 }, "end": { "line": 34, "column": 51 } },
      "34": { "start": { "line": 35, "column": 0 }, "end": { "line": 35, "column": 26 } },
      "35": { "start": { "line": 36, "column": 0 }, "end": { "line": 36, "column": 36 } },
      "37": { "start": { "line": 38, "column": 0 }, "end": { "line": 38, "column": 58 } },
      "38": { "start": { "line": 39, "column": 0 }, "end": { "line": 39, "column": 58 } },
      "40": { "start": { "line": 41, "column": 0 }, "end": { "line": 41, "column": 26 } },
      "41": { "start": { "line": 42, "column": 0 }, "end": { "line": 42, "column": 39 } },
      "42": { "start": { "line": 43, "column": 0 }, "end": { "line": 43, "column": 5 } },
      "43": { "start": { "line": 44, "column": 0 }, "end": { "line": 44, "column": 4 } },
      "45": { "start": { "line": 46, "column": 0 }, "end": { "line": 46, "column": 28 } },
      "46": { "start": { "line": 47, "column": 0 }, "end": { "line": 47, "column": 39 } },
      "47": { "start": { "line": 48, "column": 0 }, "end": { "line": 48, "column": 27 } },
      "48": { "start": { "line": 49, "column": 0 }, "end": { "line": 49, "column": 35 } },
      "50": { "start": { "line": 51, "column": 0 }, "end": { "line": 51, "column": 40 } },
      "51": { "start": { "line": 52, "column": 0 }, "end": { "line": 52, "column": 28 } },
      "52": { "start": { "line": 53, "column": 0 }, "end": { "line": 53, "column": 67 } },
      "53": { "start": { "line": 54, "column": 0 }, "end": { "line": 54, "column": 54 } },
      "54": { "start": { "line": 55, "column": 0 }, "end": { "line": 55, "column": 39 } },
      "55": { "start": { "line": 56, "column": 0 }, "end": { "line": 56, "column": 5 } },
      "56": { "start": { "line": 57, "column": 0 }, "end": { "line": 57, "column": 4 } },
      "58": { "start": { "line": 59, "column": 0 }, "end": { "line": 59, "column": 29 } },
      "59": { "start": { "line": 60, "column": 0 }, "end": { "line": 60, "column": 39 } },
      "60": { "start": { "line": 61, "column": 0 }, "end": { "line": 61, "column": 27 } },
      "61": { "start": { "line": 62, "column": 0 }, "end": { "line": 62, "column": 36 } },
      "62": { "start": { "line": 63, "column": 0 }, "end": { "line": 63, "column": 29 } },
      "63": { "start": { "line": 64, "column": 0 }, "end": { "line": 64, "column": 40 } },
      "64": { "start": { "line": 65, "column": 0 }, "end": { "line": 65, "column": 4 } },
      "66": { "start": { "line": 67, "column": 0 }, "end": { "line": 67, "column": 40 } },
      "67": { "start": { "line": 68, "column": 0 }, "end": { "line": 68, "column": 19 } },
      "68": { "start": { "line": 69, "column": 0 }, "end": { "line": 69, "column": 49 } },
      "70": { "start": { "line": 71, "column": 0 }, "end": { "line": 71, "column": 108 } },
      "72": { "start": { "line": 73, "column": 0 }, "end": { "line": 73, "column": 37 } },
      "73": { "start": { "line": 74, "column": 0 }, "end": { "line": 74, "column": 24 } },
      "75": { "start": { "line": 76, "column": 0 }, "end": { "line": 76, "column": 37 } },
      "77": { "start": { "line": 78, "column": 0 }, "end": { "line": 78, "column": 16 } },
      "78": { "start": { "line": 79, "column": 0 }, "end": { "line": 79, "column": 12 } },
      "79": { "start": { "line": 80, "column": 0 }, "end": { "line": 80, "column": 53 } },
      "80": { "start": { "line": 81, "column": 0 }, "end": { "line": 81, "column": 71 } },
      "83": { "start": { "line": 84, "column": 0 }, "end": { "line": 84, "column": 4 } },
      "85": { "start": { "line": 86, "column": 0 }, "end": { "line": 86, "column": 29 } },
      "86": { "start": { "line": 87, "column": 0 }, "end": { "line": 87, "column": 12 } },
      "87": { "start": { "line": 88, "column": 0 }, "end": { "line": 88, "column": 32 } },
      "88": { "start": { "line": 89, "column": 0 }, "end": { "line": 89, "column": 26 } },
      "91": { "start": { "line": 92, "column": 0 }, "end": { "line": 92, "column": 3 } },
      "93": { "start": { "line": 94, "column": 0 }, "end": { "line": 94, "column": 36 } },
      "95": { "start": { "line": 96, "column": 0 }, "end": { "line": 96, "column": 10 } },
      "96": { "start": { "line": 97, "column": 0 }, "end": { "line": 97, "column": 44 } },
      "97": { "start": { "line": 98, "column": 0 }, "end": { "line": 98, "column": 58 } },
      "98": { "start": { "line": 99, "column": 0 }, "end": { "line": 99, "column": 64 } },
      "99": { "start": { "line": 100, "column": 0 }, "end": { "line": 100, "column": 73 } },
      "102": { "start": { "line": 103, "column": 0 }, "end": { "line": 103, "column": 12 } },
      "103": { "start": { "line": 104, "column": 0 }, "end": { "line": 104, "column": 36 } },
      "104": { "start": { "line": 105, "column": 0 }, "end": { "line": 105, "column": 49 } },
      "105": { "start": { "line": 106, "column": 0 }, "end": { "line": 106, "column": 33 } },
      "106": { "start": { "line": 107, "column": 0 }, "end": { "line": 107, "column": 56 } },
      "107": { "start": { "line": 108, "column": 0 }, "end": { "line": 108, "column": 72 } },
      "108": { "start": { "line": 109, "column": 0 }, "end": { "line": 109, "column": 24 } },
      "109": { "start": { "line": 110, "column": 0 }, "end": { "line": 110, "column": 21 } },
      "110": { "start": { "line": 111, "column": 0 }, "end": { "line": 111, "column": 50 } },
      "111": { "start": { "line": 112, "column": 0 }, "end": { "line": 112, "column": 89 } },
      "112": { "start": { "line": 113, "column": 0 }, "end": { "line": 113, "column": 59 } },
      "114": { "start": { "line": 115, "column": 0 }, "end": { "line": 115, "column": 94 } },
      "117": { "start": { "line": 118, "column": 0 }, "end": { "line": 118, "column": 17 } },
      "120": { "start": { "line": 121, "column": 0 }, "end": { "line": 121, "column": 34 } },
      "121": { "start": { "line": 122, "column": 0 }, "end": { "line": 122, "column": 119 } },
      "122": { "start": { "line": 123, "column": 0 }, "end": { "line": 123, "column": 30 } },
      "123": { "start": { "line": 124, "column": 0 }, "end": { "line": 124, "column": 104 } },
      "124": { "start": { "line": 125, "column": 0 }, "end": { "line": 125, "column": 40 } },
      "127": { "start": { "line": 128, "column": 0 }, "end": { "line": 128, "column": 107 } },
      "128": { "start": { "line": 129, "column": 0 }, "end": { "line": 129, "column": 40 } },
      "131": { "start": { "line": 132, "column": 0 }, "end": { "line": 132, "column": 16 } },
      "132": { "start": { "line": 133, "column": 0 }, "end": { "line": 133, "column": 24 } },
      "133": { "start": { "line": 134, "column": 0 }, "end": { "line": 134, "column": 31 } },
      "134": { "start": { "line": 135, "column": 0 }, "end": { "line": 135, "column": 39 } },
      "135": { "start": { "line": 136, "column": 0 }, "end": { "line": 136, "column": 19 } },
      "136": { "start": { "line": 137, "column": 0 }, "end": { "line": 137, "column": 49 } },
      "137": { "start": { "line": 138, "column": 0 }, "end": { "line": 138, "column": 29 } },
      "138": { "start": { "line": 139, "column": 0 }, "end": { "line": 139, "column": 43 } },
      "144": { "start": { "line": 145, "column": 0 }, "end": { "line": 145, "column": 2 } },
      "146": { "start": { "line": 147, "column": 0 }, "end": { "line": 147, "column": 19 } }
    },
    "s": {
      "0": 1,
      "8": 1,
      "9": 19,
      "10": 19,
      "11": 19,
      "12": 19,
      "13": 19,
      "15": 19,
      "16": 1,
      "17": 1,
      "19": 1,
      "20": 1,
      "21": 1,
      "22": 1,
      "24": 1,
      "25": 1,
      "26": 1,
      "28": 19,
      "29": 0,
      "30": 0,
      "32": 0,
      "33": 0,
      "34": 0,
      "35": 0,
      "37": 0,
      "38": 0,
      "40": 0,
      "41": 0,
      "42": 0,
      "43": 0,
      "45": 19,
      "46": 1,
      "47": 1,
      "48": 1,
      "50": 1,
      "51": 1,
      "52": 1,
      "53": 1,
      "54": 1,
      "55": 1,
      "56": 1,
      "58": 19,
      "59": 1,
      "60": 1,
      "61": 1,
      "62": 1,
      "63": 1,
      "64": 1,
      "66": 19,
      "67": 19,
      "68": 13,
      "70": 1,
      "72": 1,
      "73": 19,
      "75": 19,
      "77": 19,
      "78": 4,
      "79": 4,
      "80": 4,
      "83": 4,
      "85": 19,
      "86": 4,
      "87": 4,
      "88": 4,
      "91": 4,
      "93": 10,
      "95": 10,
      "96": 10,
      "97": 10,
      "98": 10,
      "99": 10,
      "102": 10,
      "103": 10,
      "104": 10,
      "105": 10,
      "106": 10,
      "107": 2490,
      "108": 2490,
      "109": 2490,
      "110": 2490,
      "111": 2490,
      "112": 2490,
      "114": 2490,
      "117": 2490,
      "120": 19,
      "121": 19,
      "122": 19,
      "123": 9,
      "124": 9,
      "127": 19,
      "128": 19,
      "131": 19,
      "132": 19,
      "133": 19,
      "134": 19,
      "135": 19,
      "136": 19,
      "137": 19,
      "138": 19,
      "144": 19,
      "146": 1
    },
    "branchMap": {
      "0": {
        "type": "branch",
        "line": 9,
        "loc": { "start": { "line": 9, "column": 19 }, "end": { "line": 145, "column": 2 } },
        "locations": [{ "start": { "line": 9, "column": 19 }, "end": { "line": 145, "column": 2 } }]
      },
      "1": {
        "type": "branch",
        "line": 78,
        "loc": { "start": { "line": 78, "column": 15 }, "end": { "line": 84, "column": 4 } },
        "locations": [{ "start": { "line": 78, "column": 15 }, "end": { "line": 84, "column": 4 } }]
      },
      "2": {
        "type": "branch",
        "line": 84,
        "loc": { "start": { "line": 84, "column": 2 }, "end": { "line": 86, "column": 20 } },
        "locations": [{ "start": { "line": 84, "column": 2 }, "end": { "line": 86, "column": 20 } }]
      },
      "3": {
        "type": "branch",
        "line": 84,
        "loc": { "start": { "line": 84, "column": 2 }, "end": { "line": 86, "column": 13 } },
        "locations": [{ "start": { "line": 84, "column": 2 }, "end": { "line": 86, "column": 13 } }]
      },
      "4": {
        "type": "branch",
        "line": 86,
        "loc": { "start": { "line": 86, "column": 7 }, "end": { "line": 86, "column": 20 } },
        "locations": [{ "start": { "line": 86, "column": 7 }, "end": { "line": 86, "column": 20 } }]
      },
      "5": {
        "type": "branch",
        "line": 86,
        "loc": { "start": { "line": 86, "column": 28 }, "end": { "line": 92, "column": 3 } },
        "locations": [{ "start": { "line": 86, "column": 28 }, "end": { "line": 92, "column": 3 } }]
      },
      "6": {
        "type": "branch",
        "line": 92,
        "loc": { "start": { "line": 92, "column": 2 }, "end": { "line": 118, "column": 17 } },
        "locations": [{ "start": { "line": 92, "column": 2 }, "end": { "line": 118, "column": 17 } }]
      },
      "7": {
        "type": "branch",
        "line": 123,
        "loc": { "start": { "line": 123, "column": 12 }, "end": { "line": 128, "column": 13 } },
        "locations": [{ "start": { "line": 123, "column": 12 }, "end": { "line": 128, "column": 13 } }]
      },
      "8": {
        "type": "branch",
        "line": 137,
        "loc": { "start": { "line": 137, "column": 33 }, "end": { "line": 137, "column": 47 } },
        "locations": [{ "start": { "line": 137, "column": 33 }, "end": { "line": 137, "column": 47 } }]
      },
      "9": {
        "type": "branch",
        "line": 137,
        "loc": { "start": { "line": 137, "column": 35 }, "end": { "line": 137, "column": 49 } },
        "locations": [{ "start": { "line": 137, "column": 35 }, "end": { "line": 137, "column": 49 } }]
      },
      "10": {
        "type": "branch",
        "line": 16,
        "loc": { "start": { "line": 16, "column": 27 }, "end": { "line": 27, "column": 4 } },
        "locations": [{ "start": { "line": 16, "column": 27 }, "end": { "line": 27, "column": 4 } }]
      },
      "11": {
        "type": "branch",
        "line": 18,
        "loc": { "start": { "line": 18, "column": 20 }, "end": { "line": 18, "column": 27 } },
        "locations": [{ "start": { "line": 18, "column": 20 }, "end": { "line": 18, "column": 27 } }]
      },
      "12": {
        "type": "branch",
        "line": 46,
        "loc": { "start": { "line": 46, "column": 21 }, "end": { "line": 57, "column": 4 } },
        "locations": [{ "start": { "line": 46, "column": 21 }, "end": { "line": 57, "column": 4 } }]
      },
      "13": {
        "type": "branch",
        "line": 48,
        "loc": { "start": { "line": 48, "column": 20 }, "end": { "line": 48, "column": 27 } },
        "locations": [{ "start": { "line": 48, "column": 20 }, "end": { "line": 48, "column": 27 } }]
      },
      "14": {
        "type": "branch",
        "line": 59,
        "loc": { "start": { "line": 59, "column": 22 }, "end": { "line": 65, "column": 4 } },
        "locations": [{ "start": { "line": 59, "column": 22 }, "end": { "line": 65, "column": 4 } }]
      },
      "15": {
        "type": "branch",
        "line": 61,
        "loc": { "start": { "line": 61, "column": 20 }, "end": { "line": 61, "column": 27 } },
        "locations": [{ "start": { "line": 61, "column": 20 }, "end": { "line": 61, "column": 27 } }]
      },
      "16": {
        "type": "branch",
        "line": 68,
        "loc": { "start": { "line": 68, "column": 12 }, "end": { "line": 74, "column": 5 } },
        "locations": [{ "start": { "line": 68, "column": 12 }, "end": { "line": 74, "column": 5 } }]
      },
      "17": {
        "type": "branch",
        "line": 69,
        "loc": { "start": { "line": 69, "column": 22 }, "end": { "line": 69, "column": 42 } },
        "locations": [{ "start": { "line": 69, "column": 22 }, "end": { "line": 69, "column": 42 } }]
      },
      "18": {
        "type": "branch",
        "line": 69,
        "loc": { "start": { "line": 69, "column": 42 }, "end": { "line": 69, "column": 49 } },
        "locations": [{ "start": { "line": 69, "column": 42 }, "end": { "line": 69, "column": 49 } }]
      },
      "19": {
        "type": "branch",
        "line": 69,
        "loc": { "start": { "line": 69, "column": 42 }, "end": { "line": 74, "column": 5 } },
        "locations": [{ "start": { "line": 69, "column": 42 }, "end": { "line": 74, "column": 5 } }]
      },
      "20": {
        "type": "branch",
        "line": 71,
        "loc": { "start": { "line": 71, "column": 45 }, "end": { "line": 71, "column": 106 } },
        "locations": [{ "start": { "line": 71, "column": 45 }, "end": { "line": 71, "column": 106 } }]
      },
      "21": {
        "type": "branch",
        "line": 107,
        "loc": { "start": { "line": 107, "column": 25 }, "end": { "line": 118, "column": 17 } },
        "locations": [{ "start": { "line": 107, "column": 25 }, "end": { "line": 118, "column": 17 } }]
      },
      "22": {
        "type": "branch",
        "line": 108,
        "loc": { "start": { "line": 108, "column": 38 }, "end": { "line": 108, "column": 61 } },
        "locations": [{ "start": { "line": 108, "column": 38 }, "end": { "line": 108, "column": 61 } }]
      },
      "23": {
        "type": "branch",
        "line": 112,
        "loc": { "start": { "line": 112, "column": 33 }, "end": { "line": 112, "column": 76 } },
        "locations": [{ "start": { "line": 112, "column": 33 }, "end": { "line": 112, "column": 76 } }]
      },
      "24": {
        "type": "branch",
        "line": 112,
        "loc": { "start": { "line": 112, "column": 49 }, "end": { "line": 112, "column": 89 } },
        "locations": [{ "start": { "line": 112, "column": 49 }, "end": { "line": 112, "column": 89 } }]
      },
      "25": {
        "type": "branch",
        "line": 115,
        "loc": { "start": { "line": 115, "column": 34 }, "end": { "line": 115, "column": 72 } },
        "locations": [{ "start": { "line": 115, "column": 34 }, "end": { "line": 115, "column": 72 } }]
      },
      "26": {
        "type": "branch",
        "line": 115,
        "loc": { "start": { "line": 115, "column": 50 }, "end": { "line": 115, "column": 76 } },
        "locations": [{ "start": { "line": 115, "column": 50 }, "end": { "line": 115, "column": 76 } }]
      },
      "27": {
        "type": "branch",
        "line": 113,
        "loc": { "start": { "line": 113, "column": 29 }, "end": { "line": 113, "column": 59 } },
        "locations": [{ "start": { "line": 113, "column": 29 }, "end": { "line": 113, "column": 59 } }]
      }
    },
    "b": {
      "0": [19],
      "1": [4],
      "2": [17],
      "3": [14],
      "4": [11],
      "5": [4],
      "6": [10],
      "7": [9],
      "8": [4],
      "9": [10],
      "10": [1],
      "11": [0],
      "12": [1],
      "13": [0],
      "14": [1],
      "15": [0],
      "16": [13],
      "17": [1],
      "18": [12],
      "19": [1],
      "20": [1],
      "21": [2490],
      "22": [996],
      "23": [4],
      "24": [2486],
      "25": [4],
      "26": [2486],
      "27": [1]
    },
    "fnMap": {
      "0": {
        "name": "App",
        "decl": { "start": { "line": 9, "column": 19 }, "end": { "line": 145, "column": 2 } },
        "loc": { "start": { "line": 9, "column": 19 }, "end": { "line": 145, "column": 2 } },
        "line": 9
      },
      "1": {
        "name": "handleBlockClick",
        "decl": { "start": { "line": 16, "column": 27 }, "end": { "line": 27, "column": 4 } },
        "loc": { "start": { "line": 16, "column": 27 }, "end": { "line": 27, "column": 4 } },
        "line": 16
      },
      "2": {
        "name": "handleScrubberChange",
        "decl": { "start": { "line": 29, "column": 31 }, "end": { "line": 44, "column": 4 } },
        "loc": { "start": { "line": 29, "column": 31 }, "end": { "line": 44, "column": 4 } },
        "line": 29
      },
      "3": {
        "name": "togglePlay",
        "decl": { "start": { "line": 46, "column": 21 }, "end": { "line": 57, "column": 4 } },
        "loc": { "start": { "line": 46, "column": 21 }, "end": { "line": 57, "column": 4 } },
        "line": 46
      },
      "4": {
        "name": "togglePause",
        "decl": { "start": { "line": 59, "column": 22 }, "end": { "line": 65, "column": 4 } },
        "loc": { "start": { "line": 59, "column": 22 }, "end": { "line": 65, "column": 4 } },
        "line": 59
      },
      "5": {
        "name": "onClick",
        "decl": { "start": { "line": 113, "column": 29 }, "end": { "line": 113, "column": 59 } },
        "loc": { "start": { "line": 113, "column": 29 }, "end": { "line": 113, "column": 59 } },
        "line": 113
      }
    },
    "f": { "0": 19, "1": 1, "2": 0, "3": 1, "4": 1, "5": 1 }
  },
  "/Users/georgesomerville/dev/code-tests/react-19-audio/src/main.tsx": {
    "path": "/Users/georgesomerville/dev/code-tests/react-19-audio/src/main.tsx",
    "all": true,
    "statementMap": {
      "0": { "start": { "line": 1, "column": 0 }, "end": { "line": 1, "column": 35 } },
      "1": { "start": { "line": 2, "column": 0 }, "end": { "line": 2, "column": 46 } },
      "2": { "start": { "line": 3, "column": 0 }, "end": { "line": 3, "column": 32 } },
      "4": { "start": { "line": 5, "column": 0 }, "end": { "line": 5, "column": 52 } },
      "5": { "start": { "line": 6, "column": 0 }, "end": { "line": 6, "column": 14 } },
      "6": { "start": { "line": 7, "column": 0 }, "end": { "line": 7, "column": 11 } }
    },
    "s": { "0": 0, "1": 0, "2": 0, "4": 0, "5": 0, "6": 0 },
    "branchMap": {
      "0": {
        "type": "branch",
        "line": 1,
        "loc": { "start": { "line": 1, "column": 216 }, "end": { "line": 9, "column": 2 } },
        "locations": [{ "start": { "line": 1, "column": 216 }, "end": { "line": 9, "column": 2 } }]
      }
    },
    "b": { "0": [0] },
    "fnMap": {
      "0": {
        "name": "(empty-report)",
        "decl": { "start": { "line": 1, "column": 216 }, "end": { "line": 9, "column": 2 } },
        "loc": { "start": { "line": 1, "column": 216 }, "end": { "line": 9, "column": 2 } },
        "line": 1
      }
    },
    "f": { "0": 0 }
  },
  "/Users/georgesomerville/dev/code-tests/react-19-audio/src/types.ts": {
    "path": "/Users/georgesomerville/dev/code-tests/react-19-audio/src/types.ts",
    "all": true,
    "statementMap": { "11": { "start": { "line": 12, "column": 0 }, "end": { "line": 12, "column": 2 } } },
    "s": { "11": 0 },
    "branchMap": {
      "0": {
        "type": "branch",
        "line": 1,
        "loc": { "start": { "line": 1, "column": 178 }, "end": { "line": 12, "column": 2 } },
        "locations": [{ "start": { "line": 1, "column": 178 }, "end": { "line": 12, "column": 2 } }]
      }
    },
    "b": { "0": [1] },
    "fnMap": {
      "0": {
        "name": "(empty-report)",
        "decl": { "start": { "line": 1, "column": 178 }, "end": { "line": 12, "column": 2 } },
        "loc": { "start": { "line": 1, "column": 178 }, "end": { "line": 12, "column": 2 } },
        "line": 1
      }
    },
    "f": { "0": 1 }
  },
  "/Users/georgesomerville/dev/code-tests/react-19-audio/src/utils.ts": {
    "path": "/Users/georgesomerville/dev/code-tests/react-19-audio/src/utils.ts",
    "all": false,
    "statementMap": {
      "2": { "start": { "line": 3, "column": 0 }, "end": { "line": 3, "column": 89 } },
      "3": { "start": { "line": 4, "column": 0 }, "end": { "line": 4, "column": 82 } }
    },
    "s": { "2": 1, "3": 5 },
    "branchMap": {
      "0": {
        "type": "branch",
        "line": 3,
        "loc": { "start": { "line": 3, "column": 30 }, "end": { "line": 4, "column": 82 } },
        "locations": [{ "start": { "line": 3, "column": 30 }, "end": { "line": 4, "column": 82 } }]
      },
      "1": {
        "type": "branch",
        "line": 4,
        "loc": { "start": { "line": 4, "column": 19 }, "end": { "line": 4, "column": 80 } },
        "locations": [{ "start": { "line": 4, "column": 19 }, "end": { "line": 4, "column": 80 } }]
      },
      "2": {
        "type": "branch",
        "line": 4,
        "loc": { "start": { "line": 4, "column": 54 }, "end": { "line": 4, "column": 80 } },
        "locations": [{ "start": { "line": 4, "column": 54 }, "end": { "line": 4, "column": 80 } }]
      }
    },
    "b": { "0": [5], "1": [12], "2": [9] },
    "fnMap": {
      "0": {
        "name": "findAudioBlock",
        "decl": { "start": { "line": 3, "column": 30 }, "end": { "line": 4, "column": 82 } },
        "loc": { "start": { "line": 3, "column": 30 }, "end": { "line": 4, "column": 82 } },
        "line": 3
      }
    },
    "f": { "0": 5 }
  },
  "/Users/georgesomerville/dev/code-tests/react-19-audio/src/hooks/useTranscript.tsx": {
    "path": "/Users/georgesomerville/dev/code-tests/react-19-audio/src/hooks/useTranscript.tsx",
    "all": false,
    "statementMap": {
      "0": { "start": { "line": 1, "column": 0 }, "end": { "line": 1, "column": 44 } },
      "2": { "start": { "line": 3, "column": 0 }, "end": { "line": 3, "column": 110 } },
      "4": { "start": { "line": 5, "column": 0 }, "end": { "line": 5, "column": 36 } },
      "5": { "start": { "line": 6, "column": 0 }, "end": { "line": 6, "column": 48 } },
      "6": { "start": { "line": 7, "column": 0 }, "end": { "line": 7, "column": 58 } },
      "7": { "start": { "line": 8, "column": 0 }, "end": { "line": 8, "column": 55 } },
      "9": { "start": { "line": 10, "column": 0 }, "end": { "line": 10, "column": 39 } },
      "10": { "start": { "line": 11, "column": 0 }, "end": { "line": 11, "column": 21 } },
      "12": { "start": { "line": 13, "column": 0 }, "end": { "line": 13, "column": 9 } },
      "13": { "start": { "line": 14, "column": 0 }, "end": { "line": 14, "column": 40 } },
      "14": { "start": { "line": 15, "column": 0 }, "end": { "line": 15, "column": 43 } },
      "15": { "start": { "line": 16, "column": 0 }, "end": { "line": 16, "column": 22 } },
      "16": { "start": { "line": 17, "column": 0 }, "end": { "line": 17, "column": 28 } },
      "17": { "start": { "line": 18, "column": 0 }, "end": { "line": 18, "column": 69 } },
      "18": { "start": { "line": 19, "column": 0 }, "end": { "line": 19, "column": 15 } },
      "19": { "start": { "line": 20, "column": 0 }, "end": { "line": 20, "column": 24 } },
      "20": { "start": { "line": 21, "column": 0 }, "end": { "line": 21, "column": 5 } },
      "21": { "start": { "line": 22, "column": 0 }, "end": { "line": 22, "column": 4 } },
      "23": { "start": { "line": 24, "column": 0 }, "end": { "line": 24, "column": 19 } },
      "24": { "start": { "line": 25, "column": 0 }, "end": { "line": 25, "column": 16 } },
      "25": { "start": { "line": 26, "column": 0 }, "end": { "line": 26, "column": 24 } },
      "26": { "start": { "line": 27, "column": 0 }, "end": { "line": 27, "column": 5 } },
      "27": { "start": { "line": 28, "column": 0 }, "end": { "line": 28, "column": 13 } },
      "29": { "start": { "line": 30, "column": 0 }, "end": { "line": 30, "column": 10 } },
      "30": { "start": { "line": 31, "column": 0 }, "end": { "line": 31, "column": 12 } },
      "31": { "start": { "line": 32, "column": 0 }, "end": { "line": 32, "column": 10 } },
      "32": { "start": { "line": 33, "column": 0 }, "end": { "line": 33, "column": 9 } },
      "33": { "start": { "line": 34, "column": 0 }, "end": { "line": 34, "column": 4 } },
      "34": { "start": { "line": 35, "column": 0 }, "end": { "line": 35, "column": 2 } }
    },
    "s": {
      "0": 1,
      "2": 1,
      "4": 1,
      "5": 19,
      "6": 19,
      "7": 19,
      "9": 19,
      "10": 6,
      "12": 6,
      "13": 6,
      "14": 5,
      "15": 5,
      "16": 6,
      "17": 1,
      "18": 6,
      "19": 6,
      "20": 6,
      "21": 6,
      "23": 19,
      "24": 10,
      "25": 6,
      "26": 6,
      "27": 19,
      "29": 19,
      "30": 19,
      "31": 19,
      "32": 19,
      "33": 19,
      "34": 19
    },
    "branchMap": {
      "0": {
        "type": "branch",
        "line": 5,
        "loc": { "start": { "line": 5, "column": 29 }, "end": { "line": 35, "column": 2 } },
        "locations": [{ "start": { "line": 5, "column": 29 }, "end": { "line": 35, "column": 2 } }]
      },
      "1": {
        "type": "branch",
        "line": 10,
        "loc": { "start": { "line": 10, "column": 26 }, "end": { "line": 22, "column": 4 } },
        "locations": [{ "start": { "line": 10, "column": 26 }, "end": { "line": 22, "column": 4 } }]
      },
      "2": {
        "type": "branch",
        "line": 14,
        "loc": { "start": { "line": 14, "column": 35 }, "end": { "line": 17, "column": 6 } },
        "locations": [{ "start": { "line": 14, "column": 35 }, "end": { "line": 17, "column": 6 } }]
      },
      "3": {
        "type": "branch",
        "line": 17,
        "loc": { "start": { "line": 17, "column": 6 }, "end": { "line": 19, "column": 14 } },
        "locations": [{ "start": { "line": 17, "column": 6 }, "end": { "line": 19, "column": 14 } }]
      },
      "4": {
        "type": "branch",
        "line": 18,
        "loc": { "start": { "line": 18, "column": 49 }, "end": { "line": 18, "column": 69 } },
        "locations": [{ "start": { "line": 18, "column": 49 }, "end": { "line": 18, "column": 69 } }]
      },
      "5": {
        "type": "branch",
        "line": 24,
        "loc": { "start": { "line": 24, "column": 12 }, "end": { "line": 28, "column": 5 } },
        "locations": [{ "start": { "line": 24, "column": 12 }, "end": { "line": 28, "column": 5 } }]
      },
      "6": {
        "type": "branch",
        "line": 25,
        "loc": { "start": { "line": 25, "column": 15 }, "end": { "line": 27, "column": 5 } },
        "locations": [{ "start": { "line": 25, "column": 15 }, "end": { "line": 27, "column": 5 } }]
      }
    },
    "b": { "0": [19], "1": [6], "2": [5], "3": [1], "4": [0], "5": [10], "6": [6] },
    "fnMap": {
      "0": {
        "name": "useTranscript",
        "decl": { "start": { "line": 5, "column": 29 }, "end": { "line": 35, "column": 2 } },
        "loc": { "start": { "line": 5, "column": 29 }, "end": { "line": 35, "column": 2 } },
        "line": 5
      },
      "1": {
        "name": "fetchTranscript",
        "decl": { "start": { "line": 10, "column": 26 }, "end": { "line": 22, "column": 4 } },
        "loc": { "start": { "line": 10, "column": 26 }, "end": { "line": 22, "column": 4 } },
        "line": 10
      }
    },
    "f": { "0": 19, "1": 6 }
  }
}
