{"/Users/georgesomerville/dev/code-tests/react-19-audio/src/App.tsx": {"path":"/Users/georgesomerville/dev/code-tests/react-19-audio/src/App.tsx","all":false,"statementMap":{"0":{"start":{"line":1,"column":0},"end":{"line":1,"column":19}},"11":{"start":{"line":12,"column":0},"end":{"line":12,"column":26}},"12":{"start":{"line":13,"column":0},"end":{"line":13,"column":48}},"13":{"start":{"line":14,"column":0},"end":{"line":14,"column":65}},"14":{"start":{"line":15,"column":0},"end":{"line":15,"column":57}},"15":{"start":{"line":16,"column":0},"end":{"line":16,"column":62}},"17":{"start":{"line":18,"column":0},"end":{"line":18,"column":102}},"19":{"start":{"line":20,"column":0},"end":{"line":20,"column":51}},"20":{"start":{"line":21,"column":0},"end":{"line":21,"column":39}},"21":{"start":{"line":22,"column":0},"end":{"line":22,"column":27}},"23":{"start":{"line":24,"column":0},"end":{"line":24,"column":66}},"24":{"start":{"line":25,"column":0},"end":{"line":25,"column":40}},"25":{"start":{"line":26,"column":0},"end":{"line":26,"column":53}},"26":{"start":{"line":27,"column":0},"end":{"line":27,"column":29}},"28":{"start":{"line":29,"column":0},"end":{"line":29,"column":31}},"29":{"start":{"line":30,"column":0},"end":{"line":30,"column":27}},"30":{"start":{"line":31,"column":0},"end":{"line":31,"column":4}},"32":{"start":{"line":33,"column":0},"end":{"line":33,"column":80}},"33":{"start":{"line":34,"column":0},"end":{"line":34,"column":39}},"34":{"start":{"line":35,"column":0},"end":{"line":35,"column":36}},"36":{"start":{"line":37,"column":0},"end":{"line":37,"column":40}},"37":{"start":{"line":38,"column":0},"end":{"line":38,"column":51}},"38":{"start":{"line":39,"column":0},"end":{"line":39,"column":26}},"39":{"start":{"line":40,"column":0},"end":{"line":40,"column":36}},"41":{"start":{"line":42,"column":0},"end":{"line":42,"column":58}},"42":{"start":{"line":43,"column":0},"end":{"line":43,"column":58}},"44":{"start":{"line":45,"column":0},"end":{"line":45,"column":26}},"45":{"start":{"line":46,"column":0},"end":{"line":46,"column":39}},"46":{"start":{"line":47,"column":0},"end":{"line":47,"column":5}},"47":{"start":{"line":48,"column":0},"end":{"line":48,"column":4}},"49":{"start":{"line":50,"column":0},"end":{"line":50,"column":28}},"50":{"start":{"line":51,"column":0},"end":{"line":51,"column":39}},"51":{"start":{"line":52,"column":0},"end":{"line":52,"column":27}},"52":{"start":{"line":53,"column":0},"end":{"line":53,"column":35}},"53":{"start":{"line":54,"column":0},"end":{"line":54,"column":40}},"54":{"start":{"line":55,"column":0},"end":{"line":55,"column":28}},"56":{"start":{"line":57,"column":0},"end":{"line":57,"column":67}},"57":{"start":{"line":58,"column":0},"end":{"line":58,"column":54}},"58":{"start":{"line":59,"column":0},"end":{"line":59,"column":39}},"59":{"start":{"line":60,"column":0},"end":{"line":60,"column":5}},"60":{"start":{"line":61,"column":0},"end":{"line":61,"column":4}},"62":{"start":{"line":63,"column":0},"end":{"line":63,"column":29}},"63":{"start":{"line":64,"column":0},"end":{"line":64,"column":39}},"64":{"start":{"line":65,"column":0},"end":{"line":65,"column":27}},"65":{"start":{"line":66,"column":0},"end":{"line":66,"column":36}},"66":{"start":{"line":67,"column":0},"end":{"line":67,"column":29}},"67":{"start":{"line":68,"column":0},"end":{"line":68,"column":40}},"68":{"start":{"line":69,"column":0},"end":{"line":69,"column":4}},"70":{"start":{"line":71,"column":0},"end":{"line":71,"column":40}},"71":{"start":{"line":72,"column":0},"end":{"line":72,"column":19}},"72":{"start":{"line":73,"column":0},"end":{"line":73,"column":49}},"74":{"start":{"line":75,"column":0},"end":{"line":75,"column":45}},"75":{"start":{"line":76,"column":0},"end":{"line":76,"column":100}},"78":{"start":{"line":79,"column":0},"end":{"line":79,"column":37}},"79":{"start":{"line":80,"column":0},"end":{"line":80,"column":24}},"81":{"start":{"line":82,"column":0},"end":{"line":82,"column":37}},"83":{"start":{"line":84,"column":0},"end":{"line":84,"column":18}},"84":{"start":{"line":85,"column":0},"end":{"line":85,"column":12}},"85":{"start":{"line":86,"column":0},"end":{"line":86,"column":54}},"86":{"start":{"line":87,"column":0},"end":{"line":87,"column":72}},"89":{"start":{"line":90,"column":0},"end":{"line":90,"column":3}},"91":{"start":{"line":92,"column":0},"end":{"line":92,"column":29}},"92":{"start":{"line":93,"column":0},"end":{"line":93,"column":12}},"93":{"start":{"line":94,"column":0},"end":{"line":94,"column":32}},"94":{"start":{"line":95,"column":0},"end":{"line":95,"column":26}},"97":{"start":{"line":98,"column":0},"end":{"line":98,"column":3}},"99":{"start":{"line":100,"column":0},"end":{"line":100,"column":36}},"101":{"start":{"line":102,"column":0},"end":{"line":102,"column":10}},"102":{"start":{"line":103,"column":0},"end":{"line":103,"column":44}},"103":{"start":{"line":104,"column":0},"end":{"line":104,"column":58}},"104":{"start":{"line":105,"column":0},"end":{"line":105,"column":64}},"105":{"start":{"line":106,"column":0},"end":{"line":106,"column":73}},"108":{"start":{"line":109,"column":0},"end":{"line":109,"column":12}},"109":{"start":{"line":110,"column":0},"end":{"line":110,"column":23}},"110":{"start":{"line":111,"column":0},"end":{"line":111,"column":38}},"111":{"start":{"line":112,"column":0},"end":{"line":112,"column":51}},"112":{"start":{"line":113,"column":0},"end":{"line":113,"column":35}},"113":{"start":{"line":114,"column":0},"end":{"line":114,"column":66}},"114":{"start":{"line":115,"column":0},"end":{"line":115,"column":74}},"115":{"start":{"line":116,"column":0},"end":{"line":116,"column":26}},"116":{"start":{"line":117,"column":0},"end":{"line":117,"column":23}},"117":{"start":{"line":118,"column":0},"end":{"line":118,"column":52}},"118":{"start":{"line":119,"column":0},"end":{"line":119,"column":82}},"119":{"start":{"line":120,"column":0},"end":{"line":120,"column":61}},"120":{"start":{"line":121,"column":0},"end":{"line":121,"column":74}},"122":{"start":{"line":123,"column":0},"end":{"line":123,"column":43}},"125":{"start":{"line":126,"column":0},"end":{"line":126,"column":19}},"128":{"start":{"line":129,"column":0},"end":{"line":129,"column":36}},"129":{"start":{"line":130,"column":0},"end":{"line":130,"column":18}},"130":{"start":{"line":131,"column":0},"end":{"line":131,"column":28}},"131":{"start":{"line":132,"column":0},"end":{"line":132,"column":22}},"132":{"start":{"line":133,"column":0},"end":{"line":133,"column":24}},"133":{"start":{"line":134,"column":0},"end":{"line":134,"column":28}},"134":{"start":{"line":135,"column":0},"end":{"line":135,"column":31}},"135":{"start":{"line":136,"column":0},"end":{"line":136,"column":39}},"136":{"start":{"line":137,"column":0},"end":{"line":137,"column":20}},"138":{"start":{"line":139,"column":0},"end":{"line":139,"column":32}},"139":{"start":{"line":140,"column":0},"end":{"line":140,"column":75}},"140":{"start":{"line":141,"column":0},"end":{"line":141,"column":42}},"143":{"start":{"line":144,"column":0},"end":{"line":144,"column":77}},"144":{"start":{"line":145,"column":0},"end":{"line":145,"column":42}},"147":{"start":{"line":148,"column":0},"end":{"line":148,"column":18}},"148":{"start":{"line":149,"column":0},"end":{"line":149,"column":26}},"149":{"start":{"line":150,"column":0},"end":{"line":150,"column":33}},"150":{"start":{"line":151,"column":0},"end":{"line":151,"column":41}},"151":{"start":{"line":152,"column":0},"end":{"line":152,"column":21}},"152":{"start":{"line":153,"column":0},"end":{"line":153,"column":46}},"153":{"start":{"line":154,"column":0},"end":{"line":154,"column":31}},"154":{"start":{"line":155,"column":0},"end":{"line":155,"column":45}},"161":{"start":{"line":162,"column":0},"end":{"line":162,"column":2}},"163":{"start":{"line":164,"column":0},"end":{"line":164,"column":19}}},"s":{"0":1,"11":1,"12":22,"13":22,"14":22,"15":22,"17":22,"19":22,"20":2,"21":2,"23":2,"24":2,"25":2,"26":2,"28":2,"29":2,"30":2,"32":22,"33":1,"34":1,"36":1,"37":1,"38":1,"39":1,"41":1,"42":1,"44":1,"45":1,"46":1,"47":1,"49":22,"50":1,"51":1,"52":1,"53":1,"54":1,"56":1,"57":1,"58":1,"59":1,"60":1,"62":22,"63":1,"64":1,"65":1,"66":1,"67":1,"68":1,"70":22,"71":22,"72":16,"74":3,"75":3,"78":3,"79":22,"81":22,"83":22,"84":7,"85":7,"86":7,"89":7,"91":22,"92":1,"93":1,"94":1,"97":1,"99":13,"101":13,"102":13,"103":13,"104":13,"105":13,"108":13,"109":13,"110":13,"111":13,"112":13,"113":13,"114":6448,"115":6448,"116":6448,"117":6448,"118":6448,"119":6448,"120":6448,"122":6448,"125":6448,"128":22,"129":22,"130":22,"131":22,"132":22,"133":22,"134":22,"135":22,"136":22,"138":22,"139":12,"140":12,"143":22,"144":22,"147":22,"148":22,"149":22,"150":22,"151":22,"152":22,"153":22,"154":22,"161":22,"163":1},"branchMap":{"0":{"type":"branch","line":12,"loc":{"start":{"line":12,"column":19},"end":{"line":162,"column":2}},"locations":[{"start":{"line":12,"column":19},"end":{"line":162,"column":2}}]},"1":{"type":"branch","line":84,"loc":{"start":{"line":84,"column":17},"end":{"line":90,"column":3}},"locations":[{"start":{"line":84,"column":17},"end":{"line":90,"column":3}}]},"2":{"type":"branch","line":90,"loc":{"start":{"line":90,"column":2},"end":{"line":92,"column":20}},"locations":[{"start":{"line":90,"column":2},"end":{"line":92,"column":20}}]},"3":{"type":"branch","line":92,"loc":{"start":{"line":92,"column":28},"end":{"line":98,"column":3}},"locations":[{"start":{"line":92,"column":28},"end":{"line":98,"column":3}}]},"4":{"type":"branch","line":98,"loc":{"start":{"line":98,"column":2},"end":{"line":126,"column":19}},"locations":[{"start":{"line":98,"column":2},"end":{"line":126,"column":19}}]},"5":{"type":"branch","line":139,"loc":{"start":{"line":139,"column":14},"end":{"line":144,"column":15}},"locations":[{"start":{"line":139,"column":14},"end":{"line":144,"column":15}}]},"6":{"type":"branch","line":153,"loc":{"start":{"line":153,"column":35},"end":{"line":153,"column":46}},"locations":[{"start":{"line":153,"column":35},"end":{"line":153,"column":46}}]},"7":{"type":"branch","line":20,"loc":{"start":{"line":20,"column":27},"end":{"line":31,"column":4}},"locations":[{"start":{"line":20,"column":27},"end":{"line":31,"column":4}}]},"8":{"type":"branch","line":22,"loc":{"start":{"line":22,"column":20},"end":{"line":22,"column":27}},"locations":[{"start":{"line":22,"column":20},"end":{"line":22,"column":27}}]},"9":{"type":"branch","line":33,"loc":{"start":{"line":33,"column":31},"end":{"line":48,"column":4}},"locations":[{"start":{"line":33,"column":31},"end":{"line":48,"column":4}}]},"10":{"type":"branch","line":35,"loc":{"start":{"line":35,"column":29},"end":{"line":35,"column":36}},"locations":[{"start":{"line":35,"column":29},"end":{"line":35,"column":36}}]},"11":{"type":"branch","line":50,"loc":{"start":{"line":50,"column":21},"end":{"line":61,"column":4}},"locations":[{"start":{"line":50,"column":21},"end":{"line":61,"column":4}}]},"12":{"type":"branch","line":52,"loc":{"start":{"line":52,"column":20},"end":{"line":52,"column":27}},"locations":[{"start":{"line":52,"column":20},"end":{"line":52,"column":27}}]},"13":{"type":"branch","line":63,"loc":{"start":{"line":63,"column":22},"end":{"line":69,"column":4}},"locations":[{"start":{"line":63,"column":22},"end":{"line":69,"column":4}}]},"14":{"type":"branch","line":65,"loc":{"start":{"line":65,"column":20},"end":{"line":65,"column":27}},"locations":[{"start":{"line":65,"column":20},"end":{"line":65,"column":27}}]},"15":{"type":"branch","line":72,"loc":{"start":{"line":72,"column":12},"end":{"line":80,"column":5}},"locations":[{"start":{"line":72,"column":12},"end":{"line":80,"column":5}}]},"16":{"type":"branch","line":73,"loc":{"start":{"line":73,"column":22},"end":{"line":73,"column":42}},"locations":[{"start":{"line":73,"column":22},"end":{"line":73,"column":42}}]},"17":{"type":"branch","line":73,"loc":{"start":{"line":73,"column":42},"end":{"line":73,"column":49}},"locations":[{"start":{"line":73,"column":42},"end":{"line":73,"column":49}}]},"18":{"type":"branch","line":73,"loc":{"start":{"line":73,"column":42},"end":{"line":80,"column":5}},"locations":[{"start":{"line":73,"column":42},"end":{"line":80,"column":5}}]},"19":{"type":"branch","line":76,"loc":{"start":{"line":76,"column":6},"end":{"line":76,"column":99}},"locations":[{"start":{"line":76,"column":6},"end":{"line":76,"column":99}}]},"20":{"type":"branch","line":114,"loc":{"start":{"line":114,"column":27},"end":{"line":126,"column":19}},"locations":[{"start":{"line":114,"column":27},"end":{"line":126,"column":19}}]},"21":{"type":"branch","line":115,"loc":{"start":{"line":115,"column":40},"end":{"line":115,"column":63}},"locations":[{"start":{"line":115,"column":40},"end":{"line":115,"column":63}}]},"22":{"type":"branch","line":119,"loc":{"start":{"line":119,"column":34},"end":{"line":119,"column":72}},"locations":[{"start":{"line":119,"column":34},"end":{"line":119,"column":72}}]},"23":{"type":"branch","line":119,"loc":{"start":{"line":119,"column":50},"end":{"line":119,"column":82}},"locations":[{"start":{"line":119,"column":50},"end":{"line":119,"column":82}}]},"24":{"type":"branch","line":121,"loc":{"start":{"line":121,"column":33},"end":{"line":121,"column":71}},"locations":[{"start":{"line":121,"column":33},"end":{"line":121,"column":71}}]},"25":{"type":"branch","line":121,"loc":{"start":{"line":121,"column":49},"end":{"line":121,"column":74}},"locations":[{"start":{"line":121,"column":49},"end":{"line":121,"column":74}}]},"26":{"type":"branch","line":120,"loc":{"start":{"line":120,"column":31},"end":{"line":120,"column":61}},"locations":[{"start":{"line":120,"column":31},"end":{"line":120,"column":61}}]}},"b":{"0":[22],"1":[7],"2":[14],"3":[1],"4":[13],"5":[12],"6":[8],"7":[2],"8":[0],"9":[1],"10":[0],"11":[1],"12":[0],"13":[1],"14":[0],"15":[16],"16":[3],"17":[13],"18":[3],"19":[275],"20":[6448],"21":[3968],"22":[8],"23":[6440],"24":[8],"25":[6440],"26":[2]},"fnMap":{"0":{"name":"App","decl":{"start":{"line":12,"column":19},"end":{"line":162,"column":2}},"loc":{"start":{"line":12,"column":19},"end":{"line":162,"column":2}},"line":12},"1":{"name":"handleBlockClick","decl":{"start":{"line":20,"column":27},"end":{"line":31,"column":4}},"loc":{"start":{"line":20,"column":27},"end":{"line":31,"column":4}},"line":20},"2":{"name":"handleScrubberChange","decl":{"start":{"line":33,"column":31},"end":{"line":48,"column":4}},"loc":{"start":{"line":33,"column":31},"end":{"line":48,"column":4}},"line":33},"3":{"name":"togglePlay","decl":{"start":{"line":50,"column":21},"end":{"line":61,"column":4}},"loc":{"start":{"line":50,"column":21},"end":{"line":61,"column":4}},"line":50},"4":{"name":"togglePause","decl":{"start":{"line":63,"column":22},"end":{"line":69,"column":4}},"loc":{"start":{"line":63,"column":22},"end":{"line":69,"column":4}},"line":63},"5":{"name":"onClick","decl":{"start":{"line":120,"column":31},"end":{"line":120,"column":61}},"loc":{"start":{"line":120,"column":31},"end":{"line":120,"column":61}},"line":120}},"f":{"0":22,"1":2,"2":1,"3":1,"4":1,"5":2}}
,"/Users/georgesomerville/dev/code-tests/react-19-audio/src/Errorboundary.tsx": {"path":"/Users/georgesomerville/dev/code-tests/react-19-audio/src/Errorboundary.tsx","all":false,"statementMap":{"0":{"start":{"line":1,"column":0},"end":{"line":1,"column":34}},"2":{"start":{"line":3,"column":0},"end":{"line":3,"column":39}},"3":{"start":{"line":4,"column":0},"end":{"line":4,"column":11}},"4":{"start":{"line":5,"column":0},"end":{"line":5,"column":20}},"5":{"start":{"line":6,"column":0},"end":{"line":6,"column":32}},"6":{"start":{"line":7,"column":0},"end":{"line":7,"column":4}},"8":{"start":{"line":9,"column":0},"end":{"line":9,"column":30}},"9":{"start":{"line":10,"column":0},"end":{"line":10,"column":17}},"10":{"start":{"line":11,"column":0},"end":{"line":11,"column":3}},"12":{"start":{"line":13,"column":0},"end":{"line":13,"column":51}},"13":{"start":{"line":14,"column":0},"end":{"line":14,"column":64}},"14":{"start":{"line":15,"column":0},"end":{"line":15,"column":37}},"15":{"start":{"line":16,"column":0},"end":{"line":16,"column":3}},"17":{"start":{"line":18,"column":0},"end":{"line":18,"column":57}},"18":{"start":{"line":19,"column":0},"end":{"line":19,"column":70}},"19":{"start":{"line":20,"column":0},"end":{"line":20,"column":39}},"20":{"start":{"line":21,"column":0},"end":{"line":21,"column":3}},"22":{"start":{"line":23,"column":0},"end":{"line":23,"column":12}},"23":{"start":{"line":24,"column":0},"end":{"line":24,"column":30}},"24":{"start":{"line":25,"column":0},"end":{"line":25,"column":46}},"25":{"start":{"line":26,"column":0},"end":{"line":26,"column":14}},"26":{"start":{"line":27,"column":0},"end":{"line":27,"column":13}},"27":{"start":{"line":28,"column":0},"end":{"line":28,"column":24}},"28":{"start":{"line":29,"column":0},"end":{"line":29,"column":44}},"31":{"start":{"line":32,"column":0},"end":{"line":32,"column":5}},"33":{"start":{"line":34,"column":0},"end":{"line":34,"column":48}},"34":{"start":{"line":35,"column":0},"end":{"line":35,"column":47}},"35":{"start":{"line":36,"column":0},"end":{"line":36,"column":31}},"36":{"start":{"line":37,"column":0},"end":{"line":37,"column":3}},"37":{"start":{"line":38,"column":0},"end":{"line":38,"column":1}},"39":{"start":{"line":40,"column":0},"end":{"line":40,"column":29}}},"s":{"0":1,"2":1,"3":1,"4":1,"5":1,"6":1,"8":1,"9":5,"10":5,"12":1,"13":0,"14":0,"15":0,"17":1,"18":0,"19":0,"20":0,"22":1,"23":10,"24":0,"25":0,"26":0,"27":0,"28":0,"31":0,"33":10,"34":10,"35":10,"36":10,"37":1,"39":1},"branchMap":{"0":{"type":"branch","line":23,"loc":{"start":{"line":23,"column":2},"end":{"line":37,"column":3}},"locations":[{"start":{"line":23,"column":2},"end":{"line":37,"column":3}}]},"1":{"type":"branch","line":24,"loc":{"start":{"line":24,"column":29},"end":{"line":32,"column":5}},"locations":[{"start":{"line":24,"column":29},"end":{"line":32,"column":5}}]},"2":{"type":"branch","line":9,"loc":{"start":{"line":9,"column":2},"end":{"line":11,"column":3}},"locations":[{"start":{"line":9,"column":2},"end":{"line":11,"column":3}}]}},"b":{"0":[10],"1":[0],"2":[5]},"fnMap":{"0":{"name":"getDerivedStateFromError","decl":{"start":{"line":13,"column":9},"end":{"line":16,"column":3}},"loc":{"start":{"line":13,"column":9},"end":{"line":16,"column":3}},"line":13},"1":{"name":"componentDidCatch","decl":{"start":{"line":18,"column":2},"end":{"line":21,"column":3}},"loc":{"start":{"line":18,"column":2},"end":{"line":21,"column":3}},"line":18},"2":{"name":"render","decl":{"start":{"line":23,"column":2},"end":{"line":37,"column":3}},"loc":{"start":{"line":23,"column":2},"end":{"line":37,"column":3}},"line":23},"3":{"name":"ErrorBoundary","decl":{"start":{"line":9,"column":2},"end":{"line":11,"column":3}},"loc":{"start":{"line":9,"column":2},"end":{"line":11,"column":3}},"line":9}},"f":{"0":0,"1":0,"2":10,"3":5}}
,"/Users/georgesomerville/dev/code-tests/react-19-audio/src/main.tsx": {"path":"/Users/georgesomerville/dev/code-tests/react-19-audio/src/main.tsx","all":true,"statementMap":{"0":{"start":{"line":1,"column":0},"end":{"line":1,"column":35}},"1":{"start":{"line":2,"column":0},"end":{"line":2,"column":46}},"2":{"start":{"line":3,"column":0},"end":{"line":3,"column":32}},"3":{"start":{"line":4,"column":0},"end":{"line":4,"column":73}},"4":{"start":{"line":5,"column":0},"end":{"line":5,"column":48}},"6":{"start":{"line":7,"column":0},"end":{"line":7,"column":37}},"7":{"start":{"line":8,"column":0},"end":{"line":8,"column":19}},"8":{"start":{"line":9,"column":0},"end":{"line":9,"column":14}},"9":{"start":{"line":10,"column":0},"end":{"line":10,"column":42}},"10":{"start":{"line":11,"column":0},"end":{"line":11,"column":6}},"11":{"start":{"line":12,"column":0},"end":{"line":12,"column":4}},"12":{"start":{"line":13,"column":0},"end":{"line":13,"column":3}},"14":{"start":{"line":15,"column":0},"end":{"line":15,"column":52}},"15":{"start":{"line":16,"column":0},"end":{"line":16,"column":44}},"16":{"start":{"line":17,"column":0},"end":{"line":17,"column":19}},"17":{"start":{"line":18,"column":0},"end":{"line":18,"column":18}},"18":{"start":{"line":19,"column":0},"end":{"line":19,"column":15}},"20":{"start":{"line":21,"column":0},"end":{"line":21,"column":20}}},"s":{"0":0,"1":0,"2":0,"3":0,"4":0,"6":0,"7":0,"8":0,"9":0,"10":0,"11":0,"12":0,"14":0,"15":0,"16":0,"17":0,"18":0,"20":0},"branchMap":{"0":{"type":"branch","line":1,"loc":{"start":{"line":1,"column":601},"end":{"line":24,"column":2}},"locations":[{"start":{"line":1,"column":601},"end":{"line":24,"column":2}}]}},"b":{"0":[0]},"fnMap":{"0":{"name":"(empty-report)","decl":{"start":{"line":1,"column":601},"end":{"line":24,"column":2}},"loc":{"start":{"line":1,"column":601},"end":{"line":24,"column":2}},"line":1}},"f":{"0":0}}
,"/Users/georgesomerville/dev/code-tests/react-19-audio/src/types.ts": {"path":"/Users/georgesomerville/dev/code-tests/react-19-audio/src/types.ts","all":true,"statementMap":{"11":{"start":{"line":12,"column":0},"end":{"line":12,"column":2}}},"s":{"11":0},"branchMap":{"0":{"type":"branch","line":1,"loc":{"start":{"line":1,"column":178},"end":{"line":12,"column":2}},"locations":[{"start":{"line":1,"column":178},"end":{"line":12,"column":2}}]}},"b":{"0":[1]},"fnMap":{"0":{"name":"(empty-report)","decl":{"start":{"line":1,"column":178},"end":{"line":12,"column":2}},"loc":{"start":{"line":1,"column":178},"end":{"line":12,"column":2}},"line":1}},"f":{"0":1}}
,"/Users/georgesomerville/dev/code-tests/react-19-audio/src/utils.ts": {"path":"/Users/georgesomerville/dev/code-tests/react-19-audio/src/utils.ts","all":false,"statementMap":{"2":{"start":{"line":3,"column":0},"end":{"line":3,"column":89}},"3":{"start":{"line":4,"column":0},"end":{"line":4,"column":82}}},"s":{"2":1,"3":6},"branchMap":{"0":{"type":"branch","line":3,"loc":{"start":{"line":3,"column":30},"end":{"line":4,"column":82}},"locations":[{"start":{"line":3,"column":30},"end":{"line":4,"column":82}}]},"1":{"type":"branch","line":4,"loc":{"start":{"line":4,"column":19},"end":{"line":4,"column":80}},"locations":[{"start":{"line":4,"column":19},"end":{"line":4,"column":80}}]},"2":{"type":"branch","line":4,"loc":{"start":{"line":4,"column":54},"end":{"line":4,"column":80}},"locations":[{"start":{"line":4,"column":54},"end":{"line":4,"column":80}}]}},"b":{"0":[6],"1":[28],"2":[25]},"fnMap":{"0":{"name":"findAudioBlock","decl":{"start":{"line":3,"column":30},"end":{"line":4,"column":82}},"loc":{"start":{"line":3,"column":30},"end":{"line":4,"column":82}},"line":3}},"f":{"0":6}}
,"/Users/georgesomerville/dev/code-tests/react-19-audio/src/__mocks__/handlers.ts": {"path":"/Users/georgesomerville/dev/code-tests/react-19-audio/src/__mocks__/handlers.ts","all":false,"statementMap":{"0":{"start":{"line":1,"column":0},"end":{"line":1,"column":41}},"3":{"start":{"line":4,"column":0},"end":{"line":4,"column":25}},"4":{"start":{"line":5,"column":0},"end":{"line":5,"column":117}},"5":{"start":{"line":6,"column":0},"end":{"line":6,"column":41}},"6":{"start":{"line":7,"column":0},"end":{"line":7,"column":5}},"7":{"start":{"line":8,"column":0},"end":{"line":8,"column":2}}},"s":{"0":1,"3":1,"4":1,"5":4,"6":4,"7":1},"branchMap":{"0":{"type":"branch","line":5,"loc":{"start":{"line":5,"column":110},"end":{"line":7,"column":5}},"locations":[{"start":{"line":5,"column":110},"end":{"line":7,"column":5}}]}},"b":{"0":[4]},"fnMap":{},"f":{}}
,"/Users/georgesomerville/dev/code-tests/react-19-audio/src/__mocks__/node.ts": {"path":"/Users/georgesomerville/dev/code-tests/react-19-audio/src/__mocks__/node.ts","all":false,"statementMap":{"0":{"start":{"line":1,"column":0},"end":{"line":1,"column":39}},"3":{"start":{"line":4,"column":0},"end":{"line":4,"column":47}}},"s":{"0":1,"3":1},"branchMap":{},"b":{},"fnMap":{},"f":{}}
,"/Users/georgesomerville/dev/code-tests/react-19-audio/src/api/fetchTranscript.ts": {"path":"/Users/georgesomerville/dev/code-tests/react-19-audio/src/api/fetchTranscript.ts","all":false,"statementMap":{"0":{"start":{"line":1,"column":0},"end":{"line":1,"column":110}},"2":{"start":{"line":3,"column":0},"end":{"line":3,"column":44}},"3":{"start":{"line":4,"column":0},"end":{"line":4,"column":7}},"4":{"start":{"line":5,"column":0},"end":{"line":5,"column":38}},"5":{"start":{"line":6,"column":0},"end":{"line":6,"column":41}},"6":{"start":{"line":7,"column":0},"end":{"line":7,"column":18}},"7":{"start":{"line":8,"column":0},"end":{"line":8,"column":26}},"8":{"start":{"line":9,"column":0},"end":{"line":9,"column":74}},"9":{"start":{"line":10,"column":0},"end":{"line":10,"column":3}},"10":{"start":{"line":11,"column":0},"end":{"line":11,"column":2}}},"s":{"0":1,"2":1,"3":7,"4":7,"5":6,"6":6,"7":7,"8":1,"9":1,"10":7},"branchMap":{"0":{"type":"branch","line":3,"loc":{"start":{"line":3,"column":31},"end":{"line":11,"column":2}},"locations":[{"start":{"line":3,"column":31},"end":{"line":11,"column":2}}]},"1":{"type":"branch","line":5,"loc":{"start":{"line":5,"column":33},"end":{"line":8,"column":4}},"locations":[{"start":{"line":5,"column":33},"end":{"line":8,"column":4}}]},"2":{"type":"branch","line":8,"loc":{"start":{"line":8,"column":4},"end":{"line":10,"column":3}},"locations":[{"start":{"line":8,"column":4},"end":{"line":10,"column":3}}]},"3":{"type":"branch","line":9,"loc":{"start":{"line":9,"column":54},"end":{"line":9,"column":74}},"locations":[{"start":{"line":9,"column":54},"end":{"line":9,"column":74}}]}},"b":{"0":[7],"1":[6],"2":[1],"3":[0]},"fnMap":{"0":{"name":"fetchTranscript","decl":{"start":{"line":3,"column":31},"end":{"line":11,"column":2}},"loc":{"start":{"line":3,"column":31},"end":{"line":11,"column":2}},"line":3}},"f":{"0":7}}
}
